<?xml version="1.0" encoding="UTF-8"?>
<!-- Generated by org.testng.reporters.JUnitReportReporter -->
<testsuite hostname="DESKTOP-OMK0I9M" name="ProjectTestcases.TMF_UserPostAssessment" tests="9" failures="0" timestamp="23 Aug 2022 02:29:44 GMT" time="3225.519" errors="0">
  <testcase name="CourseTMF_PostAssessment" time="345.469" classname="ProjectTestcases.TMF_UserPostAssessment"/>
  <testcase name="CourseTMF_PostAssessment" time="379.907" classname="ProjectTestcases.TMF_UserPostAssessment"/>
  <testcase name="CourseTMF_PostAssessment" time="359.461" classname="ProjectTestcases.TMF_UserPostAssessment"/>
  <testcase name="CourseTMF_PostAssessment" time="354.712" classname="ProjectTestcases.TMF_UserPostAssessment"/>
  <testcase name="CourseTMF_PostAssessment" time="359.745" classname="ProjectTestcases.TMF_UserPostAssessment"/>
  <testcase name="CourseTMF_PostAssessment" time="337.543" classname="ProjectTestcases.TMF_UserPostAssessment"/>
  <testcase name="CourseTMF_PostAssessment" time="359.810" classname="ProjectTestcases.TMF_UserPostAssessment"/>
  <testcase name="CourseTMF_PostAssessment" time="387.623" classname="ProjectTestcases.TMF_UserPostAssessment"/>
  <testcase name="CourseTMF_PostAssessment" time="341.249" classname="ProjectTestcases.TMF_UserPostAssessment"/>
</testsuite> <!-- ProjectTestcases.TMF_UserPostAssessment -->
