<?xml version="1.0" encoding="UTF-8"?>
<!-- Generated by org.testng.reporters.JUnitReportReporter -->
<testsuite hostname="DESKTOP-OMK0I9M" name="ProjectTestcases.KYC_F_AND_I_UserPostAssessment" tests="1" failures="0" timestamp="23 Aug 2022 12:27:10 GMT" time="83.264" errors="0">
  <testcase name="CourseKYCFandI_PostAssessment" time="83.264" classname="ProjectTestcases.KYC_F_AND_I_UserPostAssessment"/>
</testsuite> <!-- ProjectTestcases.KYC_F_AND_I_UserPostAssessment -->
