<?xml version="1.0" encoding="UTF-8"?>
<!-- Generated by org.testng.reporters.JUnitReportReporter -->
<testsuite hostname="DESKTOP-OMK0I9M" name="ProjectTestcases.AML_UserPostAssessment" tests="1" failures="0" timestamp="23 Aug 2022 07:36:54 GMT" time="228.478" errors="0">
  <testcase name="CourseAML_PostAssessment" time="228.478" classname="ProjectTestcases.AML_UserPostAssessment"/>
</testsuite> <!-- ProjectTestcases.AML_UserPostAssessment -->
