<?xml version="1.0" encoding="UTF-8"?>
<!-- Generated by org.testng.reporters.JUnitReportReporter -->
<testsuite hostname="DESKTOP-OMK0I9M" name="ProjectTestcases.KYCF_UserPostAssessment" tests="1" failures="0" timestamp="24 Aug 2022 03:40:26 GMT" time="304.868" errors="0">
  <testcase name="CourseKYCF_PostAssessment" time="304.868" classname="ProjectTestcases.KYCF_UserPostAssessment"/>
</testsuite> <!-- ProjectTestcases.KYCF_UserPostAssessment -->
