<?xml version="1.0" encoding="UTF-8"?>
<!-- Generated by org.testng.reporters.JUnitReportReporter -->
<testsuite hostname="DESKTOP-OMK0I9M" name="ProjectTestcases.CKYCA2_UserPostAssessment" tests="1" failures="0" timestamp="17 Oct 2022 11:55:17 GMT" time="150.606" errors="0">
  <testcase name="CourseCKYCA_PostAssessment" time="150.606" classname="ProjectTestcases.CKYCA2_UserPostAssessment"/>
</testsuite> <!-- ProjectTestcases.CKYCA2_UserPostAssessment -->
