<?xml version="1.0" encoding="UTF-8"?>
<!-- Generated by org.testng.reporters.JUnitReportReporter -->
<testsuite hostname="DESKTOP-OMK0I9M" name="ProjectTestcases.SCF_UserPostAssessment" tests="4" failures="0" timestamp="27 Oct 2022 12:16:19 GMT" time="1612.198" errors="0">
  <testcase name="CourseSCF_PostAssessment" time="426.274" classname="ProjectTestcases.SCF_UserPostAssessment"/>
  <testcase name="CourseSCF_PostAssessment" time="467.022" classname="ProjectTestcases.SCF_UserPostAssessment"/>
  <testcase name="CourseSCF_PostAssessment" time="338.011" classname="ProjectTestcases.SCF_UserPostAssessment"/>
  <testcase name="CourseSCF_PostAssessment" time="380.891" classname="ProjectTestcases.SCF_UserPostAssessment"/>
</testsuite> <!-- ProjectTestcases.SCF_UserPostAssessment -->
