<?xml version="1.0" encoding="UTF-8"?>
<!-- Generated by org.testng.reporters.JUnitReportReporter -->
<testsuite hostname="DESKTOP-3D32VPT" failures="0" tests="1" name="ProjectTestcases.NullEnroll" time="26.896" errors="0" timestamp="2023-05-24T17:57:36 IST" skipped="0">
  <testcase classname="ProjectTestcases.NullEnroll" name="UserCheck_and_UnenrollMent" time="26.896"/>
  <system-out/>
</testsuite> <!-- ProjectTestcases.NullEnroll -->
