<?xml version="1.0" encoding="UTF-8"?>
<!-- Generated by org.testng.reporters.JUnitReportReporter -->
<testsuite hostname="DESKTOP-3D32VPT" failures="0" tests="50" name="ProjectTestcases.UserEnrollment" time="7062.736" errors="0" timestamp="2023-05-29T13:15:20 IST" skipped="0">
  <testcase classname="ProjectTestcases.UserEnrollment" name="UserCheck_and_UnenrollMent" time="145.755"/>
  <system-out/>
  <testcase classname="ProjectTestcases.UserEnrollment" name="UserCheck_and_UnenrollMent" time="149.527"/>
  <system-out/>
  <testcase classname="ProjectTestcases.UserEnrollment" name="UserCheck_and_UnenrollMent" time="162.122"/>
  <system-out/>
  <testcase classname="ProjectTestcases.UserEnrollment" name="UserCheck_and_UnenrollMent" time="146.664"/>
  <system-out/>
  <testcase classname="ProjectTestcases.UserEnrollment" name="UserCheck_and_UnenrollMent" time="127.287"/>
  <system-out/>
  <testcase classname="ProjectTestcases.UserEnrollment" name="UserCheck_and_UnenrollMent" time="151.449"/>
  <system-out/>
  <testcase classname="ProjectTestcases.UserEnrollment" name="UserCheck_and_UnenrollMent" time="147.756"/>
  <system-out/>
  <testcase classname="ProjectTestcases.UserEnrollment" name="UserCheck_and_UnenrollMent" time="110.088"/>
  <system-out/>
  <testcase classname="ProjectTestcases.UserEnrollment" name="UserCheck_and_UnenrollMent" time="61.537"/>
  <system-out/>
  <testcase classname="ProjectTestcases.UserEnrollment" name="UserCheck_and_UnenrollMent" time="149.236"/>
  <system-out/>
  <testcase classname="ProjectTestcases.UserEnrollment" name="UserCheck_and_UnenrollMent" time="146.896"/>
  <system-out/>
  <testcase classname="ProjectTestcases.UserEnrollment" name="UserCheck_and_UnenrollMent" time="147.455"/>
  <system-out/>
  <testcase classname="ProjectTestcases.UserEnrollment" name="UserCheck_and_UnenrollMent" time="152.766"/>
  <system-out/>
  <testcase classname="ProjectTestcases.UserEnrollment" name="UserCheck_and_UnenrollMent" time="145.344"/>
  <system-out/>
  <testcase classname="ProjectTestcases.UserEnrollment" name="UserCheck_and_UnenrollMent" time="60.982"/>
  <system-out/>
  <testcase classname="ProjectTestcases.UserEnrollment" name="UserCheck_and_UnenrollMent" time="146.716"/>
  <system-out/>
  <testcase classname="ProjectTestcases.UserEnrollment" name="UserCheck_and_UnenrollMent" time="148.657"/>
  <system-out/>
  <testcase classname="ProjectTestcases.UserEnrollment" name="UserCheck_and_UnenrollMent" time="146.731"/>
  <system-out/>
  <testcase classname="ProjectTestcases.UserEnrollment" name="UserCheck_and_UnenrollMent" time="146.467"/>
  <system-out/>
  <testcase classname="ProjectTestcases.UserEnrollment" name="UserCheck_and_UnenrollMent" time="181.683"/>
  <system-out/>
  <testcase classname="ProjectTestcases.UserEnrollment" name="UserCheck_and_UnenrollMent" time="148.423"/>
  <system-out/>
  <testcase classname="ProjectTestcases.UserEnrollment" name="UserCheck_and_UnenrollMent" time="147.456"/>
  <system-out/>
  <testcase classname="ProjectTestcases.UserEnrollment" name="UserCheck_and_UnenrollMent" time="154.080"/>
  <system-out/>
  <testcase classname="ProjectTestcases.UserEnrollment" name="UserCheck_and_UnenrollMent" time="147.217"/>
  <system-out/>
  <testcase classname="ProjectTestcases.UserEnrollment" name="UserCheck_and_UnenrollMent" time="148.112"/>
  <system-out/>
  <testcase classname="ProjectTestcases.UserEnrollment" name="UserCheck_and_UnenrollMent" time="149.110"/>
  <system-out/>
  <testcase classname="ProjectTestcases.UserEnrollment" name="UserCheck_and_UnenrollMent" time="148.270"/>
  <system-out/>
  <testcase classname="ProjectTestcases.UserEnrollment" name="UserCheck_and_UnenrollMent" time="147.208"/>
  <system-out/>
  <testcase classname="ProjectTestcases.UserEnrollment" name="UserCheck_and_UnenrollMent" time="147.497"/>
  <system-out/>
  <testcase classname="ProjectTestcases.UserEnrollment" name="UserCheck_and_UnenrollMent" time="148.273"/>
  <system-out/>
  <testcase classname="ProjectTestcases.UserEnrollment" name="UserCheck_and_UnenrollMent" time="62.887"/>
  <system-out/>
  <testcase classname="ProjectTestcases.UserEnrollment" name="UserCheck_and_UnenrollMent" time="150.502"/>
  <system-out/>
  <testcase classname="ProjectTestcases.UserEnrollment" name="UserCheck_and_UnenrollMent" time="149.304"/>
  <system-out/>
  <testcase classname="ProjectTestcases.UserEnrollment" name="UserCheck_and_UnenrollMent" time="147.862"/>
  <system-out/>
  <testcase classname="ProjectTestcases.UserEnrollment" name="UserCheck_and_UnenrollMent" time="51.923"/>
  <system-out/>
  <testcase classname="ProjectTestcases.UserEnrollment" name="UserCheck_and_UnenrollMent" time="152.069"/>
  <system-out/>
  <testcase classname="ProjectTestcases.UserEnrollment" name="UserCheck_and_UnenrollMent" time="152.048"/>
  <system-out/>
  <testcase classname="ProjectTestcases.UserEnrollment" name="UserCheck_and_UnenrollMent" time="150.116"/>
  <system-out/>
  <testcase classname="ProjectTestcases.UserEnrollment" name="UserCheck_and_UnenrollMent" time="148.881"/>
  <system-out/>
  <testcase classname="ProjectTestcases.UserEnrollment" name="UserCheck_and_UnenrollMent" time="151.947"/>
  <system-out/>
  <testcase classname="ProjectTestcases.UserEnrollment" name="UserCheck_and_UnenrollMent" time="149.741"/>
  <system-out/>
  <testcase classname="ProjectTestcases.UserEnrollment" name="UserCheck_and_UnenrollMent" time="148.865"/>
  <system-out/>
  <testcase classname="ProjectTestcases.UserEnrollment" name="UserCheck_and_UnenrollMent" time="148.678"/>
  <system-out/>
  <testcase classname="ProjectTestcases.UserEnrollment" name="UserCheck_and_UnenrollMent" time="148.545"/>
  <system-out/>
  <testcase classname="ProjectTestcases.UserEnrollment" name="UserCheck_and_UnenrollMent" time="147.816"/>
  <system-out/>
  <testcase classname="ProjectTestcases.UserEnrollment" name="UserCheck_and_UnenrollMent" time="148.641"/>
  <system-out/>
  <testcase classname="ProjectTestcases.UserEnrollment" name="UserCheck_and_UnenrollMent" time="147.669"/>
  <system-out/>
  <testcase classname="ProjectTestcases.UserEnrollment" name="UserCheck_and_UnenrollMent" time="146.789"/>
  <system-out/>
  <testcase classname="ProjectTestcases.UserEnrollment" name="UserCheck_and_UnenrollMent" time="150.251"/>
  <system-out/>
  <testcase classname="ProjectTestcases.UserEnrollment" name="UserCheck_and_UnenrollMent" time="147.438"/>
  <system-out/>
</testsuite> <!-- ProjectTestcases.UserEnrollment -->
